{
  "RSpec": {
    "coverage": {
      "/Users/hugogarcia/Documents/RAKUTEN/APIstreaming/APIstreaming/config/environment.rb": {
        "lines": [
          null,
          1,
          null,
          null,
          1
        ]
      },
      "/Users/hugogarcia/Documents/RAKUTEN/APIstreaming/APIstreaming/config/application.rb": {
        "lines": [
          1,
          null,
          1,
          null,
          null,
          null,
          1,
          null,
          1,
          1,
          null,
          1,
          null,
          null,
          null,
          null,
          null,
          null,
          null,
          null,
          null,
          null,
          null,
          null,
          1,
          null,
          null
        ]
      },
      "/Users/hugogarcia/Documents/RAKUTEN/APIstreaming/APIstreaming/config/boot.rb": {
        "lines": [
          1,
          null,
          1,
          1
        ]
      },
      "/Users/hugogarcia/Documents/RAKUTEN/APIstreaming/APIstreaming/config/environments/test.rb": {
        "lines": [
          1,
          null,
          null,
          null,
          null,
          null,
          null,
          1,
          null,
          null,
          null,
          1,
          null,
          null,
          null,
          null,
          1,
          null,
          null,
          1,
          1,
          null,
          null,
          null,
          null,
          1,
          1,
          1,
          null,
          null,
          1,
          null,
          null,
          1,
          null,
          null,
          1,
          null,
          1,
          null,
          null,
          null,
          null,
          1,
          null,
          null,
          1,
          null,
          null,
          1,
          null,
          null,
          1,
          null,
          null,
          null,
          null,
          null,
          null,
          null
        ]
      },
      "/Users/hugogarcia/Documents/RAKUTEN/APIstreaming/APIstreaming/config/initializers/cors.rb": {
        "lines": [
          null,
          null,
          null,
          null,
          null,
          null,
          null,
          null,
          null,
          null,
          null,
          null,
          null,
          null,
          null,
          null
        ]
      },
      "/Users/hugogarcia/Documents/RAKUTEN/APIstreaming/APIstreaming/config/initializers/filter_parameter_logging.rb": {
        "lines": [
          null,
          null,
          null,
          null,
          null,
          1,
          null,
          null
        ]
      },
      "/Users/hugogarcia/Documents/RAKUTEN/APIstreaming/APIstreaming/config/initializers/inflections.rb": {
        "lines": [
          null,
          null,
          null,
          null,
          null,
          null,
          null,
          null,
          null,
          null,
          null,
          null,
          null,
          null,
          null,
          null
        ]
      },
      "/Users/hugogarcia/Documents/RAKUTEN/APIstreaming/APIstreaming/spec/factories/episodes.rb": {
        "lines": [
          1,
          1,
          9,
          9,
          9,
          1,
          null,
          null
        ]
      },
      "/Users/hugogarcia/Documents/RAKUTEN/APIstreaming/APIstreaming/spec/factories/movies.rb": {
        "lines": [
          1,
          1,
          9,
          9,
          null,
          1,
          7,
          null,
          null,
          1,
          1,
          8,
          null,
          null,
          null,
          null
        ]
      },
      "/Users/hugogarcia/Documents/RAKUTEN/APIstreaming/APIstreaming/spec/factories/purchase_options.rb": {
        "lines": [
          1,
          1,
          1,
          19,
          19,
          null,
          null
        ]
      },
      "/Users/hugogarcia/Documents/RAKUTEN/APIstreaming/APIstreaming/spec/factories/purchases.rb": {
        "lines": [
          1,
          1,
          1,
          1,
          1,
          null,
          null
        ]
      },
      "/Users/hugogarcia/Documents/RAKUTEN/APIstreaming/APIstreaming/spec/factories/seasons.rb": {
        "lines": [
          1,
          1,
          7,
          7,
          7,
          null,
          1,
          5,
          5,
          null,
          null,
          1,
          1,
          6,
          null,
          null,
          1,
          1,
          6,
          null,
          null,
          null,
          null
        ]
      },
      "/Users/hugogarcia/Documents/RAKUTEN/APIstreaming/APIstreaming/spec/factories/users.rb": {
        "lines": [
          1,
          1,
          7,
          null,
          null
        ]
      },
      "/Users/hugogarcia/Documents/RAKUTEN/APIstreaming/APIstreaming/config/routes.rb": {
        "lines": [
          1,
          null,
          1,
          null,
          1,
          null,
          1,
          null,
          1,
          null,
          1,
          null,
          1,
          null,
          null
        ]
      },
      "/Users/hugogarcia/Documents/RAKUTEN/APIstreaming/APIstreaming/app/models/episode.rb": {
        "lines": [
          1,
          1,
          null,
          1,
          1,
          1,
          null,
          null,
          null,
          4,
          null
        ]
      },
      "/Users/hugogarcia/Documents/RAKUTEN/APIstreaming/APIstreaming/app/models/application_record.rb": {
        "lines": [
          1,
          1,
          null
        ]
      },
      "/Users/hugogarcia/Documents/RAKUTEN/APIstreaming/APIstreaming/spec/models/movie_spec.rb": {
        "lines": [
          1,
          null,
          1,
          1,
          null
        ]
      },
      "/Users/hugogarcia/Documents/RAKUTEN/APIstreaming/APIstreaming/app/models/movie.rb": {
        "lines": [
          1,
          null,
          1,
          null,
          1,
          1,
          null
        ]
      },
      "/Users/hugogarcia/Documents/RAKUTEN/APIstreaming/APIstreaming/app/models/concerns/video_content_concern.rb": {
        "lines": [
          1,
          1,
          null,
          1,
          2,
          2,
          null,
          2,
          null,
          8,
          2,
          null,
          null,
          null
        ]
      },
      "/Users/hugogarcia/Documents/RAKUTEN/APIstreaming/APIstreaming/spec/models/purchase_option_spec.rb": {
        "lines": [
          1,
          null,
          1,
          1,
          null
        ]
      },
      "/Users/hugogarcia/Documents/RAKUTEN/APIstreaming/APIstreaming/app/models/purchase_option.rb": {
        "lines": [
          1,
          1,
          1,
          null,
          1,
          1,
          null
        ]
      },
      "/Users/hugogarcia/Documents/RAKUTEN/APIstreaming/APIstreaming/spec/models/purchase_spec.rb": {
        "lines": [
          1,
          null,
          1,
          1,
          null
        ]
      },
      "/Users/hugogarcia/Documents/RAKUTEN/APIstreaming/APIstreaming/app/models/purchase.rb": {
        "lines": [
          1,
          1,
          1,
          1,
          null,
          1,
          1,
          null,
          null
        ]
      },
      "/Users/hugogarcia/Documents/RAKUTEN/APIstreaming/APIstreaming/spec/models/season_spec.rb": {
        "lines": [
          1,
          null,
          1,
          1,
          null
        ]
      },
      "/Users/hugogarcia/Documents/RAKUTEN/APIstreaming/APIstreaming/app/models/season.rb": {
        "lines": [
          1,
          null,
          1,
          null,
          1,
          null,
          1,
          null,
          1,
          1,
          1,
          null
        ]
      },
      "/Users/hugogarcia/Documents/RAKUTEN/APIstreaming/APIstreaming/spec/models/user_spec.rb": {
        "lines": [
          1,
          null,
          1,
          1,
          null
        ]
      },
      "/Users/hugogarcia/Documents/RAKUTEN/APIstreaming/APIstreaming/app/models/user.rb": {
        "lines": [
          1,
          null,
          1,
          1,
          null,
          null
        ]
      },
      "/Users/hugogarcia/Documents/RAKUTEN/APIstreaming/APIstreaming/spec/requests/catalog_spec.rb": {
        "lines": [
          1,
          null,
          1,
          1,
          1,
          null,
          1,
          null,
          null,
          null,
          null,
          1,
          2,
          2,
          2,
          2,
          null,
          1,
          1,
          null,
          1,
          null,
          1,
          1,
          1,
          1,
          1,
          null,
          4,
          4,
          4,
          4,
          2,
          2,
          null,
          2,
          null,
          null,
          null,
          null,
          null,
          1,
          1,
          1,
          null,
          1,
          null,
          1,
          1,
          1,
          null,
          null,
          null,
          null,
          null,
          null
        ]
      },
      "/Users/hugogarcia/Documents/RAKUTEN/APIstreaming/APIstreaming/spec/requests/movies_spec.rb": {
        "lines": [
          1,
          null,
          1,
          1,
          null,
          1,
          1,
          null,
          null,
          1,
          2,
          2,
          null,
          1,
          1,
          null,
          1,
          null,
          1,
          1,
          1,
          1,
          1,
          2,
          2,
          null,
          1,
          1,
          null,
          null,
          null,
          null,
          1,
          1,
          1,
          null,
          1,
          null,
          1,
          1,
          1,
          1,
          null,
          null,
          null,
          1,
          1,
          1,
          null,
          1,
          null,
          1,
          1,
          1,
          null,
          null,
          null,
          1,
          1,
          1,
          null,
          1,
          null,
          1,
          null,
          null,
          null,
          null,
          null,
          1,
          null,
          1,
          1,
          null,
          null,
          1,
          null,
          1,
          null,
          3,
          null,
          null,
          null,
          null,
          null,
          null,
          null,
          null,
          null,
          null,
          null,
          null,
          1,
          1,
          1,
          null,
          null,
          null,
          1,
          1,
          1,
          1,
          1,
          1,
          1,
          1,
          1,
          1,
          null,
          null,
          1,
          null,
          1,
          null,
          1,
          1,
          8,
          1,
          1,
          null,
          null,
          null,
          1,
          1,
          null,
          2,
          null,
          null,
          null,
          null,
          null,
          null,
          null,
          null,
          null,
          null,
          1,
          1,
          1,
          null,
          null,
          null,
          1,
          null,
          1,
          null,
          1,
          1,
          1,
          null,
          null,
          null,
          null
        ]
      },
      "/Users/hugogarcia/Documents/RAKUTEN/APIstreaming/APIstreaming/spec/requests/purchases_spec.rb": {
        "lines": [
          1,
          null,
          1,
          1,
          5,
          7,
          3,
          null,
          1,
          3,
          null,
          null,
          1,
          null,
          1,
          null,
          1,
          null,
          null,
          null,
          null,
          null,
          null,
          1,
          1,
          null,
          null,
          null,
          1,
          null,
          1,
          null,
          null,
          null,
          null,
          null,
          null,
          null,
          1,
          1,
          1,
          1,
          1,
          1,
          null,
          null,
          null,
          1,
          null,
          1,
          null,
          1,
          null,
          null,
          null,
          null,
          null,
          null,
          1,
          1,
          null,
          null,
          null,
          1,
          null,
          1,
          null,
          null,
          null,
          null,
          null,
          null,
          null,
          1,
          1,
          1,
          1,
          1,
          1,
          null,
          null,
          null,
          1,
          1,
          1,
          null,
          1,
          1,
          null,
          null,
          null,
          1,
          1,
          null,
          1,
          null,
          null,
          null,
          null,
          null,
          null,
          null,
          1,
          1,
          null,
          1,
          1,
          null,
          null,
          null,
          1,
          1,
          null,
          1,
          null,
          null,
          null,
          null,
          null,
          null,
          1,
          1,
          1,
          1,
          1,
          1,
          null,
          1,
          1,
          1,
          1,
          1,
          1,
          1,
          null,
          null,
          null,
          null,
          null,
          null
        ]
      },
      "/Users/hugogarcia/Documents/RAKUTEN/APIstreaming/APIstreaming/spec/requests/seasons_spec.rb": {
        "lines": [
          1,
          null,
          1,
          1,
          null,
          1,
          1,
          null,
          null,
          1,
          2,
          2,
          null,
          1,
          1,
          null,
          1,
          1,
          1,
          1,
          1,
          1,
          2,
          2,
          null,
          1,
          1,
          1,
          1,
          null,
          null,
          null,
          null,
          1,
          1,
          1,
          null,
          1,
          1,
          1,
          1,
          1,
          null,
          null,
          null,
          1,
          1,
          1,
          null,
          1,
          null,
          1,
          1,
          1,
          null,
          null,
          null,
          1,
          1,
          1,
          null,
          1,
          null,
          1,
          null,
          null,
          null,
          null,
          null,
          1,
          null,
          1,
          1,
          null,
          null,
          1,
          null,
          1,
          null,
          3,
          null,
          null,
          null,
          null,
          null,
          null,
          null,
          null,
          null,
          null,
          null,
          null,
          null,
          null,
          null,
          null,
          null,
          null,
          null,
          null,
          null,
          null,
          null,
          null,
          null,
          null,
          null,
          null,
          null,
          null,
          1,
          1,
          1,
          null,
          null,
          null,
          1,
          1,
          1,
          1,
          1,
          1,
          1,
          1,
          1,
          1,
          null,
          null,
          1,
          null,
          1,
          null,
          1,
          1,
          10,
          1,
          1,
          1,
          null,
          null,
          null,
          1,
          1,
          null,
          2,
          null,
          null,
          null,
          null,
          null,
          null,
          null,
          null,
          null,
          null,
          null,
          null,
          null,
          null,
          null,
          null,
          null,
          null,
          null,
          null,
          1,
          1,
          1,
          null,
          null,
          null,
          1,
          null,
          1,
          null,
          1,
          1,
          1,
          null,
          null,
          null,
          null
        ]
      },
      "/Users/hugogarcia/Documents/RAKUTEN/APIstreaming/APIstreaming/spec/requests/users_spec.rb": {
        "lines": [
          1,
          null,
          1,
          1,
          null,
          null,
          null
        ]
      },
      "/Users/hugogarcia/Documents/RAKUTEN/APIstreaming/APIstreaming/app/services/catalog_service.rb": {
        "lines": [
          1,
          null,
          1,
          null,
          0,
          0,
          0,
          null,
          null,
          null,
          1,
          null,
          0,
          0,
          0,
          null,
          null,
          null,
          null
        ]
      },
      "/Users/hugogarcia/Documents/RAKUTEN/APIstreaming/APIstreaming/app/controllers/catalog_controller.rb": {
        "lines": [
          1,
          1,
          null,
          1,
          2,
          2,
          1,
          null,
          1,
          null,
          null,
          null,
          null,
          null
        ]
      },
      "/Users/hugogarcia/Documents/RAKUTEN/APIstreaming/APIstreaming/app/controllers/application_controller.rb": {
        "lines": [
          1,
          1,
          0,
          null,
          null
        ]
      },
      "/Users/hugogarcia/Documents/RAKUTEN/APIstreaming/APIstreaming/app/controllers/concerns/error_handler.rb": {
        "lines": [
          1,
          1,
          null,
          1,
          4,
          4,
          4,
          4,
          4,
          4,
          4,
          null,
          null,
          1,
          0,
          null,
          null,
          1,
          2,
          null,
          null,
          1,
          6,
          null,
          null,
          1,
          2,
          null,
          null,
          null
        ]
      },
      "/Users/hugogarcia/Documents/RAKUTEN/APIstreaming/APIstreaming/app/serializers/season_serializer.rb": {
        "lines": [
          1,
          1,
          null,
          1,
          null,
          1,
          7,
          null,
          null,
          null
        ]
      },
      "/Users/hugogarcia/Documents/RAKUTEN/APIstreaming/APIstreaming/app/serializers/movie_serializer.rb": {
        "lines": [
          1,
          1,
          null,
          1,
          7,
          null,
          null,
          1,
          null,
          7,
          null,
          9,
          null,
          null,
          null,
          null,
          null,
          null
        ]
      },
      "/Users/hugogarcia/Documents/RAKUTEN/APIstreaming/APIstreaming/app/serializers/episode_serializer.rb": {
        "lines": [
          1,
          1,
          null,
          1,
          12,
          null,
          null
        ]
      },
      "/Users/hugogarcia/Documents/RAKUTEN/APIstreaming/APIstreaming/app/services/movie_service.rb": {
        "lines": [
          1,
          null,
          1,
          null,
          3,
          3,
          null,
          null,
          null,
          null,
          1,
          3,
          3,
          null,
          null,
          1,
          null,
          6,
          6,
          6,
          6,
          6,
          6,
          null,
          null,
          1,
          0,
          0,
          null,
          0,
          null,
          null,
          null,
          null
        ]
      },
      "/Users/hugogarcia/Documents/RAKUTEN/APIstreaming/APIstreaming/app/controllers/movies_controller.rb": {
        "lines": [
          1,
          1,
          null,
          1,
          4,
          2,
          1,
          null,
          1,
          null,
          null,
          null,
          null,
          1,
          5,
          3,
          3,
          3,
          null,
          null,
          1,
          0,
          0,
          null,
          null,
          1,
          null,
          1,
          5,
          5,
          0,
          0,
          null,
          null,
          null
        ]
      },
      "/Users/hugogarcia/Documents/RAKUTEN/APIstreaming/APIstreaming/app/controllers/purchases_controller.rb": {
        "lines": [
          1,
          1,
          null,
          1,
          1,
          null,
          1,
          8,
          8,
          null,
          6,
          5,
          null,
          2,
          2,
          null,
          0,
          null,
          null,
          null,
          1,
          null,
          1,
          9,
          8,
          32,
          null,
          8,
          null,
          null,
          1,
          8,
          8,
          null,
          null,
          null
        ]
      },
      "/Users/hugogarcia/Documents/RAKUTEN/APIstreaming/APIstreaming/app/services/user_service.rb": {
        "lines": [
          1,
          null,
          1,
          8,
          8,
          null,
          null,
          1,
          0,
          0,
          null,
          0,
          0,
          null,
          0,
          null,
          0,
          null,
          null,
          null,
          null,
          null,
          null,
          null,
          null
        ]
      },
      "/Users/hugogarcia/Documents/RAKUTEN/APIstreaming/APIstreaming/app/serializers/purchase_serializer.rb": {
        "lines": [
          1,
          1,
          null,
          1,
          7,
          null,
          null,
          1,
          7,
          null,
          null,
          1,
          null,
          7,
          null,
          null,
          null,
          null,
          null,
          null,
          null,
          null,
          null
        ]
      },
      "/Users/hugogarcia/Documents/RAKUTEN/APIstreaming/APIstreaming/app/services/season_service.rb": {
        "lines": [
          1,
          null,
          1,
          null,
          3,
          3,
          null,
          null,
          null,
          null,
          null,
          null,
          1,
          3,
          3,
          null,
          null,
          1,
          null,
          2,
          2,
          2,
          2,
          null,
          2,
          2,
          null,
          null,
          0,
          0,
          0,
          null,
          0,
          null,
          null,
          null,
          null,
          null
        ]
      },
      "/Users/hugogarcia/Documents/RAKUTEN/APIstreaming/APIstreaming/app/controllers/seasons_controller.rb": {
        "lines": [
          1,
          1,
          null,
          1,
          4,
          2,
          1,
          null,
          1,
          null,
          null,
          null,
          1,
          5,
          3,
          3,
          3,
          null,
          null,
          1,
          0,
          0,
          null,
          null,
          1,
          null,
          1,
          5,
          5,
          0,
          0,
          null,
          null,
          null
        ]
      }
    },
    "timestamp": 1693410439
  }
}
